app/build/intermediates/manifest_merge_blame_file/debug/manifest-merger-blame-debug-report.txt
1<?xml version="1.0" encoding="utf-8"?>
2<manifest xmlns:android="http://schemas.android.com/apk/res/android"
3    package="com.rocketapp.mediumos"
4    android:versionCode="1"
5    android:versionName="1.0" >
6
7    <uses-sdk
8        android:minSdkVersion="19"
8-->src/main/AndroidManifest.xml
9        android:targetSdkVersion="29" />
9-->src/main/AndroidManifest.xml
10
11    <uses-permission android:name="android.permission.INTERNET" />
11-->src/main/AndroidManifest.xml:5:5-67
11-->src/main/AndroidManifest.xml:5:22-64
12    <uses-permission android:name="android.permission.FOREGROUND_SERVICE" />
12-->src/main/AndroidManifest.xml:6:5-77
12-->src/main/AndroidManifest.xml:6:22-74
13
14    <application
14-->src/main/AndroidManifest.xml:8:5-29:19
15        android:allowBackup="true"
15-->src/main/AndroidManifest.xml:9:9-35
16        android:appComponentFactory="androidx.core.app.CoreComponentFactory"
16-->[androidx.core:core:1.1.0] AndroidManifest.xml:24:18-86
17        android:debuggable="true"
18        android:icon="@mipmap/ic_launcher"
18-->src/main/AndroidManifest.xml:10:9-43
19        android:label="@string/app_name"
19-->src/main/AndroidManifest.xml:11:9-41
20        android:roundIcon="@mipmap/ic_launcher_round"
20-->src/main/AndroidManifest.xml:12:9-54
21        android:supportsRtl="true"
21-->src/main/AndroidManifest.xml:13:9-35
22        android:testOnly="true"
23        android:theme="@style/AppTheme"
23-->src/main/AndroidManifest.xml:14:9-40
24        android:usesCleartextTraffic="true" >
24-->src/main/AndroidManifest.xml:15:9-44
25        <service
25-->src/main/AndroidManifest.xml:16:9-19:47
26            android:name="com.rocketapp.mediumos.SocketListener"
26-->src/main/AndroidManifest.xml:17:13-43
27            android:enabled="true"
27-->src/main/AndroidManifest.xml:18:13-35
28            android:exported="true" />
28-->src/main/AndroidManifest.xml:19:13-36
29
30        <activity android:name="com.rocketapp.mediumos.SharingMedia" />
30-->src/main/AndroidManifest.xml:21:9-50
30-->src/main/AndroidManifest.xml:21:19-47
31        <activity android:name="com.rocketapp.mediumos.MainActivity" >
31-->src/main/AndroidManifest.xml:22:9-28:20
31-->src/main/AndroidManifest.xml:22:19-47
32            <intent-filter>
32-->src/main/AndroidManifest.xml:23:13-27:29
33                <action android:name="android.intent.action.MAIN" />
33-->src/main/AndroidManifest.xml:24:17-69
33-->src/main/AndroidManifest.xml:24:25-66
34
35                <category android:name="android.intent.category.LAUNCHER" />
35-->src/main/AndroidManifest.xml:26:17-77
35-->src/main/AndroidManifest.xml:26:27-74
36            </intent-filter>
37        </activity>
38    </application>
39
40</manifest>